This file contains any messages produced by compilers while
running configure, to aid debugging if configure makes a mistake.

It was created by configure, which was
generated by GNU Autoconf 2.60.  Invocation command line was

  $ ./configure 

## --------- ##
## Platform. ##
## --------- ##

hostname = Patricks-Laptop.local
uname -m = x86_64
uname -r = 12.2.0
uname -s = Darwin
uname -v = Darwin Kernel Version 12.2.0: Sat Aug 25 00:48:52 PDT 2012; root:xnu-2050.18.24~1/RELEASE_X86_64

/usr/bin/uname -p = i386
/bin/uname -X     = unknown

/bin/arch              = unknown
/usr/bin/arch -k       = unknown
/usr/convex/getsysinfo = unknown
/usr/bin/hostinfo      = Mach kernel version:
	 Darwin Kernel Version 12.2.0: Sat Aug 25 00:48:52 PDT 2012; root:xnu-2050.18.24~1/RELEASE_X86_64
Kernel configured for up to 2 processors.
2 processors are physically available.
2 processors are logically available.
Processor type: i486 (Intel 80486)
Processors active: 0 1
Primary memory available: 8.00 gigabytes
Default processor set: 174 tasks, 692 threads, 2 processors
Load average: 0.60, Mach factor: 1.38
/bin/machine           = unknown
/usr/bin/oslevel       = unknown
/bin/universe          = unknown

PATH: /usr/local/bin
PATH: /usr/bin
PATH: /bin
PATH: /usr/sbin
PATH: /sbin
PATH: /usr/local/bin
PATH: /usr/local/pgsql-9.1/bin
PATH: /Users/thebeagle/dev/android-sdk-macosx/tools
PATH: /bin
PATH: ~/bin
PATH: /Users/thebeagle/dev/android-sdk-macosx/platform-tools
PATH: /usr/local/zend/bin
PATH: /usr/local/zend/mysql/bin
PATH: /Users/thebeagle/dev/android/j2objc-0.5.4


## ----------- ##
## Core tests. ##
## ----------- ##

configure:1641: checking for python
configure:1659: found /usr/bin/python
configure:1671: result: /usr/bin/python
configure:1842: checking for gcc
configure:1858: found /usr/bin/gcc
configure:1869: result: gcc
configure:2107: checking for C compiler version
configure:2114: gcc --version >&5
i686-apple-darwin11-llvm-gcc-4.2 (GCC) 4.2.1 (Based on Apple Inc. build 5658) (LLVM build 2336.11.00)
Copyright (C) 2007 Free Software Foundation, Inc.
This is free software; see the source for copying conditions.  There is NO
warranty; not even for MERCHANTABILITY or FITNESS FOR A PARTICULAR PURPOSE.

configure:2117: $? = 0
configure:2124: gcc -v >&5
Using built-in specs.
Target: i686-apple-darwin11
Configured with: /private/var/tmp/llvmgcc42/llvmgcc42-2336.11~67/src/configure --disable-checking --enable-werror --prefix=/Applications/Xcode.app/Contents/Developer/usr/llvm-gcc-4.2 --mandir=/share/man --enable-languages=c,objc,c++,obj-c++ --program-prefix=llvm- --program-transform-name=/^[cg][^.-]*$/s/$/-4.2/ --with-slibdir=/usr/lib --build=i686-apple-darwin11 --enable-llvm=/private/var/tmp/llvmgcc42/llvmgcc42-2336.11~67/dst-llvmCore/Developer/usr/local --program-prefix=i686-apple-darwin11- --host=x86_64-apple-darwin11 --target=i686-apple-darwin11 --with-gxx-include-dir=/usr/include/c++/4.2.1
Thread model: posix
gcc version 4.2.1 (Based on Apple Inc. build 5658) (LLVM build 2336.11.00)
configure:2127: $? = 0
configure:2134: gcc -V >&5
llvm-gcc-4.2: argument to `-V' is missing
configure:2137: $? = 1
configure:2160: checking for C compiler default output file name
configure:2187: gcc    conftest.c -lpthread -lutil >&5
configure:2190: $? = 0
configure:2236: result: a.out
configure:2241: checking whether the C compiler works
configure:2251: ./a.out
configure:2254: $? = 0
configure:2271: result: yes
configure:2278: checking whether we are cross compiling
configure:2280: result: no
configure:2283: checking for suffix of executables
configure:2290: gcc -o conftest    conftest.c -lpthread -lutil >&5
configure:2293: $? = 0
configure:2317: result: 
configure:2323: checking for suffix of object files
configure:2349: gcc -c   conftest.c >&5
configure:2352: $? = 0
configure:2375: result: o
configure:2379: checking whether we are using the GNU C compiler
configure:2408: gcc -c   conftest.c >&5
configure:2414: $? = 0
configure:2421: test -z "$ac_c_werror_flag" || test ! -s conftest.err
configure:2424: $? = 0
configure:2431: test -s conftest.o
configure:2434: $? = 0
configure:2448: result: yes
configure:2453: checking whether gcc accepts -g
configure:2483: gcc -c -g  conftest.c >&5
configure:2489: $? = 0
configure:2496: test -z "$ac_c_werror_flag" || test ! -s conftest.err
configure:2499: $? = 0
configure:2506: test -s conftest.o
configure:2509: $? = 0
configure:2639: result: yes
configure:2656: checking for gcc option to accept ISO C89
configure:2730: gcc  -c -g -O2  conftest.c >&5
configure:2736: $? = 0
configure:2743: test -z "$ac_c_werror_flag" || test ! -s conftest.err
configure:2746: $? = 0
configure:2753: test -s conftest.o
configure:2756: $? = 0
configure:2776: result: none needed
configure:2816: gcc -o conftest -g -O2   conftest.c -lpthread -lutil >&5
configure:2822: $? = 0
configure:2829: test -z "$ac_c_werror_flag" || test ! -s conftest.err
configure:2832: $? = 0
configure:2839: test -s conftest
configure:2842: $? = 0
configure:3093: creating ./config.status

## ---------------------- ##
## Running config.status. ##
## ---------------------- ##

This file was extended by config.status, which was
generated by GNU Autoconf 2.60.  Invocation command line was

  CONFIG_FILES    = 
  CONFIG_HEADERS  = 
  CONFIG_LINKS    = 
  CONFIG_COMMANDS = 
  $ ./config.status 

on Patricks-Laptop.local

config.status:573: creating Makefile
config.status:573: creating src/Makevars
config.status:573: creating cleanup
config.status:573: creating inst/scripts/RPython.csh
config.status:573: creating inst/scripts/RPython.bsh

## ---------------- ##
## Cache variables. ##
## ---------------- ##

ac_cv_c_compiler_gnu=yes
ac_cv_env_CC_set=
ac_cv_env_CC_value=
ac_cv_env_CFLAGS_set=
ac_cv_env_CFLAGS_value=
ac_cv_env_CPPFLAGS_set=
ac_cv_env_CPPFLAGS_value=
ac_cv_env_LDFLAGS_set=
ac_cv_env_LDFLAGS_value=
ac_cv_env_build_alias_set=
ac_cv_env_build_alias_value=
ac_cv_env_host_alias_set=
ac_cv_env_host_alias_value=
ac_cv_env_target_alias_set=
ac_cv_env_target_alias_value=
ac_cv_objext=o
ac_cv_path_PYTHON=/usr/bin/python
ac_cv_prog_ac_ct_CC=gcc
ac_cv_prog_cc_c89=
ac_cv_prog_cc_g=yes

## ----------------- ##
## Output variables. ##
## ----------------- ##

CC='gcc'
CFLAGS='-g -O2'
CPPFLAGS=''
DEBUG_INFO=''
DEFS='-DPACKAGE_NAME=\"\" -DPACKAGE_TARNAME=\"\" -DPACKAGE_VERSION=\"\" -DPACKAGE_STRING=\"\" -DPACKAGE_BUGREPORT=\"\"'
ECHO_C='ECHO_N=''
ECHO_T=''
EXEEXT=''
LDFLAGS=''
LIBOBJS=''
LIBS=''
LTLIBOBJS=''
OBJEXT='o'
PACKAGE_BUGREPORT=''
PACKAGE_NAME=''
PACKAGE_STRING=''
PACKAGE_TARNAME=''
PACKAGE_VERSION=''
PATH_SEPARATOR=':'
PYTHON='/usr/bin/python'
PYTHON_INCLUDE_DIR='/System/Library/Frameworks/Python.framework/Versions/2.7/include/python2.7'
PYTHON_LIB='-lpython2.7'
PYTHON_LIB_DIR='/System/Library/Frameworks/Python.framework/Versions/2.7/lib/python2.7/config'
R_HOME=''
R_LIBRARY_DIR=''
R_PACKAGE_DIR=''
R_SHARED_LIBRARY=''
R_SHARED_LIB_DIR='/bin'
SHELL='/bin/sh'
THREAD_LIBS='-lpthread -lutil'
ac_ct_CC='gcc'
bindir='${exec_prefix}/bin'
build_alias=''
datadir='${datarootdir}'
datarootdir='${prefix}/share'
docdir='${datarootdir}/doc/${PACKAGE}'
dvidir='${docdir}'
exec_prefix='${prefix}'
host_alias=''
htmldir='${docdir}'
includedir='${prefix}/include'
infodir='${datarootdir}/info'
libdir='${exec_prefix}/lib'
libexecdir='${exec_prefix}/libexec'
localedir='${datarootdir}/locale'
localstatedir='${prefix}/var'
mandir='${datarootdir}/man'
oldincludedir='/usr/include'
pdfdir='${docdir}'
prefix='/usr/local'
program_transform_name='s,x,x,'
psdir='${docdir}'
sbindir='${exec_prefix}/sbin'
sharedstatedir='${prefix}/com'
sysconfdir='${prefix}/etc'
target_alias=''

## ----------- ##
## confdefs.h. ##
## ----------- ##

#define PACKAGE_NAME ""
#define PACKAGE_TARNAME ""
#define PACKAGE_VERSION ""
#define PACKAGE_STRING ""
#define PACKAGE_BUGREPORT ""

configure: exit 0
